<?xml version="1.0" encoding="UTF-8"?>
<coverage generated="1770179550498" clover="3.2.0">
  <project timestamp="1770179550499" name="All files">
    <metrics statements="18" coveredstatements="15" conditionals="2" coveredconditionals="2" methods="5" coveredmethods="2" elements="25" coveredelements="19" complexity="0" loc="18" ncloc="18" packages="1" files="1" classes="1"/>
    <file name="todo.service.ts" path="/Users/mac/Desktop/content-todo-api/src/services/todo.service.ts">
      <metrics statements="18" coveredstatements="15" conditionals="2" coveredconditionals="2" methods="5" coveredmethods="2"/>
      <line num="1" count="1" type="stmt"/>
      <line num="2" count="1" type="stmt"/>
      <line num="11" count="1" type="stmt"/>
      <line num="12" count="1" type="stmt"/>
      <line num="14" count="1" type="stmt"/>
      <line num="19" count="2" type="stmt"/>
      <line num="20" count="2" type="cond" truecount="2" falsecount="0"/>
      <line num="21" count="1" type="stmt"/>
      <line num="28" count="1" type="stmt"/>
      <line num="33" count="1" type="stmt"/>
      <line num="34" count="1" type="stmt"/>
      <line num="40" count="1" type="stmt"/>
      <line num="41" count="1" type="stmt"/>
      <line num="48" count="1" type="stmt"/>
      <line num="52" count="0" type="stmt"/>
      <line num="57" count="0" type="stmt"/>
      <line num="60" count="1" type="stmt"/>
      <line num="61" count="0" type="stmt"/>
    </file>
  </project>
</coverage>
