{"/Users/mac/Desktop/content-todo-api/src/services/todo.service.ts": {"path":"/Users/mac/Desktop/content-todo-api/src/services/todo.service.ts","statementMap":{"0":{"start":{"line":14,"column":0},"end":{"line":14,"column":7}},"1":{"start":{"line":40,"column":0},"end":{"line":40,"column":7}},"2":{"start":{"line":48,"column":0},"end":{"line":48,"column":7}},"3":{"start":{"line":60,"column":0},"end":{"line":60,"column":7}},"4":{"start":{"line":1,"column":0},"end":{"line":1,"column":27}},"5":{"start":{"line":2,"column":0},"end":{"line":2,"column":33}},"6":{"start":{"line":11,"column":24},"end":{"line":11,"column":35}},"7":{"start":{"line":12,"column":18},"end":{"line":12,"column":20}},"8":{"start":{"line":19,"column":17},"end":{"line":19,"column":49}},"9":{"start":{"line":20,"column":2},"end":{"line":25,"column":3}},"10":{"start":{"line":21,"column":4},"end":{"line":24,"column":6}},"11":{"start":{"line":28,"column":16},"end":{"line":30,"column":4}},"12":{"start":{"line":33,"column":2},"end":{"line":33,"column":75}},"13":{"start":{"line":34,"column":2},"end":{"line":37,"column":4}},"14":{"start":{"line":41,"column":2},"end":{"line":45,"column":5}},"15":{"start":{"line":52,"column":2},"end":{"line":57,"column":23}},"16":{"start":{"line":57,"column":17},"end":{"line":57,"column":21}},"17":{"start":{"line":61,"column":2},"end":{"line":63,"column":5}}},"fnMap":{"0":{"name":"findAllTodos","decl":{"start":{"line":14,"column":22},"end":{"line":14,"column":34}},"loc":{"start":{"line":14,"column":34},"end":{"line":38,"column":1}}},"1":{"name":"createTodo","decl":{"start":{"line":40,"column":22},"end":{"line":40,"column":32}},"loc":{"start":{"line":40,"column":46},"end":{"line":46,"column":1}}},"2":{"name":"updateTodoCompleted","decl":{"start":{"line":48,"column":22},"end":{"line":48,"column":41}},"loc":{"start":{"line":50,"column":20},"end":{"line":58,"column":1}}},"3":{"name":"(anonymous_4)","decl":{"start":{"line":57,"column":11},"end":{"line":57,"column":14}},"loc":{"start":{"line":57,"column":17},"end":{"line":57,"column":21}}},"4":{"name":"deleteTodoById","decl":{"start":{"line":60,"column":22},"end":{"line":60,"column":36}},"loc":{"start":{"line":60,"column":47},"end":{"line":64,"column":1}}}},"branchMap":{"0":{"loc":{"start":{"line":20,"column":2},"end":{"line":25,"column":3}},"type":"if","locations":[{"start":{"line":20,"column":2},"end":{"line":25,"column":3}},{"start":{},"end":{}}]}},"s":{"0":1,"1":1,"2":1,"3":1,"4":1,"5":1,"6":1,"7":1,"8":2,"9":2,"10":1,"11":1,"12":1,"13":1,"14":1,"15":0,"16":0,"17":0},"f":{"0":2,"1":1,"2":0,"3":0,"4":0},"b":{"0":[1,1]}}
}
